Arguments: 
  C:\Program Files\nodejs\node.exe C:\Users\koush\AppData\Roaming\npm\node_modules\yarn\bin\yarn.js add mongoose

PATH: 
  C:\Program Files (x86)\Common Files\Oracle\Java\javapath;C:\Program Files\Python\python3_10_10\Scripts\;C:\Program Files\Python\python3_10_10\;C:\WINDOWS\system32;C:\WINDOWS;C:\WINDOWS\System32\Wbem;C:\WINDOWS\System32\WindowsPowerShell\v1.0\;C:\WINDOWS\System32\OpenSSH\;C:\Program Files\PuTTY\;C:\Program Files\Docker\Docker\resources\bin;C:\Program Files\Git\cmd;C:\Users\koush\AppData\Roaming\nvm;C:\Program Files\nodejs;C:\Program Files\nodejs\;C:\Program Files\Python311;C:\Program Files\Java\jdk-18.0.2.1\bin;C:\Users\koush\AppData\Local\Microsoft\WindowsApps;C:\Users\koush\AppData\Local\JetBrains\Toolbox\scripts;C:\Users\koush\AppData\Local\Programs\Microsoft VS Code\bin;C:\Users\koush\AppData\Local\Microsoft\WindowsApps;C:\oracle\instantclient_21_9;C:\Users\koush\AppData\Roaming\nvm;C:\Program Files\nodejs;C:\Users\koush\AppData\Roaming\npm;C:\Program Files\Java\jdk-18.0.2.1\bin;

Yarn version: 
  1.22.19

Node version: 
  18.16.0

Platform: 
  win32 x64

Trace: 
  SyntaxError: G:\Everything\test-project\package.json: Unexpected token } in JSON at position 92
      at JSON.parse (<anonymous>)
      at C:\Users\koush\AppData\Roaming\npm\node_modules\yarn\lib\cli.js:1629:59
      at Generator.next (<anonymous>)
      at step (C:\Users\koush\AppData\Roaming\npm\node_modules\yarn\lib\cli.js:310:30)
      at C:\Users\koush\AppData\Roaming\npm\node_modules\yarn\lib\cli.js:321:13

npm manifest: 
  {
    "name": "test-project",
    "version": "1.0.0",
    "main": "index.js",
    "license": "MIT",
  }

yarn manifest: 
  No manifest

Lockfile: 
  No lockfile
